0 info it worked if it ends with ok
1 verbose cli [ 'c:\\Program Files\\nodejs\\node.exe',
1 verbose cli   'c:\\Program Files\\nodejs\\node_modules\\npm\\bin\\npm-cli.js',
1 verbose cli   'run',
1 verbose cli   'build' ]
2 info using npm@3.9.5
3 info using node@v6.2.2
4 verbose run-script [ 'prebuild', 'build', 'postbuild' ]
5 info lifecycle online-school-system@1.0.0~prebuild: online-school-system@1.0.0
6 silly lifecycle online-school-system@1.0.0~prebuild: no script for prebuild, continuing
7 info lifecycle online-school-system@1.0.0~build: online-school-system@1.0.0
8 verbose lifecycle online-school-system@1.0.0~build: unsafe-perm in lifecycle true
9 verbose lifecycle online-school-system@1.0.0~build: PATH: C:\Program Files\nodejs\node_modules\npm\bin\node-gyp-bin;C:\Users\Miroslav\Documents\Programming\SoftUni\online-school-system\node_modules\.bin;c:\Program Files\nodejs;c:\Users\Miroslav\bin;.;C:\Program Files (x86)\Git\local\bin;C:\Program Files (x86)\Git\mingw\bin;C:\Program Files (x86)\Git\bin;c:\ProgramData\Oracle\Java\javapath;c:\Windows\system32;c:\Windows;c:\Windows\System32\Wbem;c:\Windows\System32\WindowsPowerShell\v1.0\;c:\Windows\system32\config\systemprofile\.dnx\bin;c:\Program Files\Microsoft DNX\Dnvm\;c:\Program Files\Microsoft SQL Server\Client SDK\ODBC\110\Tools\Binn\;c:\Program Files (x86)\Microsoft SQL Server\120\Tools\Binn\;c:\Program Files\Microsoft SQL Server\120\Tools\Binn\;c:\Program Files\Microsoft SQL Server\120\DTS\Binn\;c:\Program Files (x86)\Microsoft SQL Server\120\Tools\Binn\ManagementStudio\;c:\Program Files (x86)\Microsoft SQL Server\120\DTS\Binn\;c:\Program Files\Microsoft\Web Platform Installer\;C:\Program Files (x86)\Git\cmd;c:\Program Files (x86)\MySQL\MySQL Fabric 1.5 & MySQL Utilities 1.5\;c:\Program Files (x86)\MySQL\MySQL Fabric 1.5 & MySQL Utilities 1.5\Doctrine extensions for PHP\;c:\Program Files (x86)\Skype\Phone\;c:\Program Files\nodejs\;c:\Users\Miroslav\.dnx\bin;c:\RailsInstaller\Git\cmd;c:\RailsInstaller\Ruby2.1.0\bin;c:\Program Files\Sublime Text 3;c:\Users\Miroslav\AppData\Roaming\npm
10 verbose lifecycle online-school-system@1.0.0~build: CWD: C:\Users\Miroslav\Documents\Programming\SoftUni\online-school-system
11 silly lifecycle online-school-system@1.0.0~build: Args: [ '/d /s /c', 'webpack' ]
12 silly lifecycle online-school-system@1.0.0~build: Returned: code: 1  signal: null
13 info lifecycle online-school-system@1.0.0~build: Failed to exec build script
14 verbose stack Error: online-school-system@1.0.0 build: `webpack`
14 verbose stack Exit status 1
14 verbose stack     at EventEmitter.<anonymous> (C:\Program Files\nodejs\node_modules\npm\lib\utils\lifecycle.js:245:16)
14 verbose stack     at emitTwo (events.js:106:13)
14 verbose stack     at EventEmitter.emit (events.js:191:7)
14 verbose stack     at ChildProcess.<anonymous> (C:\Program Files\nodejs\node_modules\npm\lib\utils\spawn.js:24:14)
14 verbose stack     at emitTwo (events.js:106:13)
14 verbose stack     at ChildProcess.emit (events.js:191:7)
14 verbose stack     at maybeClose (internal/child_process.js:852:16)
14 verbose stack     at Process.ChildProcess._handle.onexit (internal/child_process.js:215:5)
15 verbose pkgid online-school-system@1.0.0
16 verbose cwd C:\Users\Miroslav\Documents\Programming\SoftUni\online-school-system
17 error Windows_NT 6.3.9600
18 error argv "c:\\Program Files\\nodejs\\node.exe" "c:\\Program Files\\nodejs\\node_modules\\npm\\bin\\npm-cli.js" "run" "build"
19 error node v6.2.2
20 error npm  v3.9.5
21 error code ELIFECYCLE
22 error online-school-system@1.0.0 build: `webpack`
22 error Exit status 1
23 error Failed at the online-school-system@1.0.0 build script 'webpack'.
23 error Make sure you have the latest version of node.js and npm installed.
23 error If you do, this is most likely a problem with the online-school-system package,
23 error not with npm itself.
23 error Tell the author that this fails on your system:
23 error     webpack
23 error You can get information on how to open an issue for this project with:
23 error     npm bugs online-school-system
23 error Or if that isn't available, you can get their info via:
23 error     npm owner ls online-school-system
23 error There is likely additional logging output above.
24 verbose exit [ 1, true ]
